<?xml version="1.0" encoding="UTF-8"?>
<testsuite xmlns:xsi="http://www.w3.org/2001/XMLSchema-instance" xsi:noNamespaceSchemaLocation="https://maven.apache.org/surefire/maven-surefire-plugin/xsd/surefire-test-report.xsd" name="e2e.CatalogTest" time="215.508" tests="16" errors="0" skipped="0" failures="6">
  <properties>
[...]
</properties>
  <testcase name="viewBookDetails" classname="e2e.CatalogTest" time="23.982">
    <failure message="Element not found {By.id: synopsis-label}&#10;Expected: visible&#10;Screenshot: file:/Users/anton/Downloads/Bookstore-ui-tests/build/reports/tests/1702408368315.5.png&#10;Page source: file:/Users/anton/Downloads/Bookstore-ui-tests/build/reports/tests/1702408368315.5.html&#10;Timeout: 10 s.&#10;Caused by: NoSuchElementException: no such element: Unable to locate element: {&quot;method&quot;:&quot;css selector&quot;,&quot;selector&quot;:&quot;#synopsis\-label&quot;}" type="com.codeborne.selenide.ex.ElementNotFound">com.codeborne.selenide.ex.ElementNotFound: 
Element not found {By.id: synopsis-label}
Expected: visible
Screenshot: file:/Users/anton/Downloads/Bookstore-ui-tests/build/reports/tests/1702408368315.5.png
Page source: file:/Users/anton/Downloads/Bookstore-ui-tests/build/reports/tests/1702408368315.5.html
Timeout: 10 s.
Caused by: NoSuchElementException: no such element: Unable to locate element: {"method":"css selector","selector":"#synopsis\-label"}
	at e2e.CatalogTest.viewBookDetails(CatalogTest.java:52)
Caused by: org.openqa.selenium.NoSuchElementException: 
no such element: Unable to locate element: {"method":"css selector","selector":"#synopsis\-label"}
  (Session info: chrome=120.0.6099.71)
For documentation on this error, please visit: https://www.selenium.dev/documentation/webdriver/troubleshooting/errors#no-such-element-exception
Build info: version: '4.11.0', revision: '040bc5406b'
System info: os.name: 'Mac OS X', os.arch: 'x86_64', os.version: '13.4', java.version: '20.0.1'
Driver info: org.openqa.selenium.chrome.ChromeDriver
Command: [1dc2917c87a48f775973d14075af11a7, findElement {using=id, value=synopsis-label}]
Capabilities {acceptInsecureCerts: true, browserName: chrome, browserVersion: 120.0.6099.71, chrome: {chromedriverVersion: 120.0.6099.71 (9729082fe617..., userDataDir: /var/folders/np/cbsnhzd12hb...}, fedcm:accounts: true, goog:chromeOptions: {debuggerAddress: localhost:54356}, networkConnectionEnabled: false, pageLoadStrategy: normal, platformName: mac, proxy: Proxy(), se:cdp: ws://localhost:54356/devtoo..., se:cdpVersion: 120.0.6099.71, setWindowRect: true, strictFileInteractability: false, timeouts: {implicit: 0, pageLoad: 300000, script: 30000}, unhandledPromptBehavior: accept, webauthn:extension:credBlob: true, webauthn:extension:largeBlob: true, webauthn:extension:minPinLength: true, webauthn:extension:prf: true, webauthn:virtualAuthenticators: true}
Session ID: 1dc2917c87a48f775973d14075af11a7
	at e2e.CatalogTest.viewBookDetails(CatalogTest.java:52)
</failure>
    <system-err><![CDATA[[main] INFO com.codeborne.selenide.impl.WebDriverThreadLocalContainer - No webdriver is bound to current thread: 1 - let's create a new webdriver
[main] INFO com.codeborne.selenide.impl.FileHelper - Creating folder: /Users/anton/Downloads/Bookstore-ui-tests/build/downloads/1702408345329_2341_1
[main] INFO com.codeborne.selenide.webdriver.SelenideNettyClientFactory - Changed readTimeout from PT3M to PT1M30S
[main] INFO com.codeborne.selenide.webdriver.SelenideNettyClientFactory - Changed readTimeout from PT3M to PT1M30S
Dec 12, 2023 8:12:26 PM org.openqa.selenium.devtools.CdpVersionFinder findNearestMatch
WARNING: Unable to find CDP implementation matching 120
Dec 12, 2023 8:12:26 PM org.openqa.selenium.chromium.ChromiumDriver lambda$new$5
WARNING: Unable to find version of CDP to use for 120.0.6099.71. You may need to include a dependency on a specific version of the CDP using something similar to `org.seleniumhq.selenium:selenium-devtools-v86:4.11.0` where the version ("v86") matches the version of the chromium-based browser you're using and the version number of the artifact is the same as Selenium's.
[main] INFO com.codeborne.selenide.webdriver.WebDriverFactory - BrowserName=chrome Version=120.0.6099.71 Platform=mac
[main] INFO com.codeborne.selenide.webdriver.WebDriverFactory - Selenide v. 6.17.0
[main] INFO com.codeborne.selenide.webdriver.WebDriverFactory - Selenium WebDriver v. 4.11.0 build revision: 040bc5406b
[main] INFO com.codeborne.selenide.drivercommands.CreateDriverCommand - Created webdriver in thread 1: ChromeDriver -> ChromeDriver: chrome on mac (1dc2917c87a48f775973d14075af11a7)
[main] INFO com.codeborne.selenide.drivercommands.DisposablesRegistry - Register WebDriverInstance[config=StaticConfig,webDriver=ChromeDriver: chrome on mac (1dc2917c87a48f775973d14075af11a7),proxy=null,downloadsFolder=/Users/anton/Downloads/Bookstore-ui-tests/build/downloads/1702408345329_2341_1] in 1 [size=1]
[main] INFO com.codeborne.selenide.impl.FileHelper - Deleted empty folder: /Users/anton/Downloads/Bookstore-ui-tests/build/downloads/1702408345329_2341_1
[main] INFO com.codeborne.selenide.drivercommands.CloseDriverCommand - Close webdriver: 1 -> ChromeDriver: chrome on mac (1dc2917c87a48f775973d14075af11a7)...
[main] INFO com.codeborne.selenide.drivercommands.CloseDriverCommand - Closed webdriver 1 in 223 ms
[main] INFO com.codeborne.selenide.drivercommands.DisposablesRegistry - Unregister WebDriverInstance[config=StaticConfig,webDriver=ChromeDriver: chrome on mac (null),proxy=null,downloadsFolder=/Users/anton/Downloads/Bookstore-ui-tests/build/downloads/1702408345329_2341_1] in 1 [size=0]
]]></system-err>
  </testcase>
  <testcase name="checkTableExists" classname="e2e.CatalogTest" time="8.621"/>
  <testcase name="writingReviewForBook" classname="e2e.CatalogTest" time="21.084">
    <failure message="Element not found {By.id: userName}&#10;Expected: visible&#10;Screenshot: file:/Users/anton/Downloads/Bookstore-ui-tests/build/reports/tests/1702408397983.6.png&#10;Page source: file:/Users/anton/Downloads/Bookstore-ui-tests/build/reports/tests/1702408397983.6.html&#10;Timeout: 10 s.&#10;Caused by: NoSuchElementException: no such element: Unable to locate element: {&quot;method&quot;:&quot;css selector&quot;,&quot;selector&quot;:&quot;#userName&quot;}" type="com.codeborne.selenide.ex.ElementNotFound">com.codeborne.selenide.ex.ElementNotFound: 
Element not found {By.id: userName}
Expected: visible
Screenshot: file:/Users/anton/Downloads/Bookstore-ui-tests/build/reports/tests/1702408397983.6.png
Page source: file:/Users/anton/Downloads/Bookstore-ui-tests/build/reports/tests/1702408397983.6.html
Timeout: 10 s.
Caused by: NoSuchElementException: no such element: Unable to locate element: {"method":"css selector","selector":"#userName"}
	at e2e.CatalogTest.writingReviewForBook(CatalogTest.java:72)
Caused by: org.openqa.selenium.NoSuchElementException: 
no such element: Unable to locate element: {"method":"css selector","selector":"#userName"}
  (Session info: chrome=120.0.6099.71)
For documentation on this error, please visit: https://www.selenium.dev/documentation/webdriver/troubleshooting/errors#no-such-element-exception
Build info: version: '4.11.0', revision: '040bc5406b'
System info: os.name: 'Mac OS X', os.arch: 'x86_64', os.version: '13.4', java.version: '20.0.1'
Driver info: org.openqa.selenium.chrome.ChromeDriver
Command: [863d54fdf87dbfb5fb0e358e7b1feec1, findElement {using=id, value=userName}]
Capabilities {acceptInsecureCerts: true, browserName: chrome, browserVersion: 120.0.6099.71, chrome: {chromedriverVersion: 120.0.6099.71 (9729082fe617..., userDataDir: /var/folders/np/cbsnhzd12hb...}, fedcm:accounts: true, goog:chromeOptions: {debuggerAddress: localhost:54551}, networkConnectionEnabled: false, pageLoadStrategy: normal, platformName: mac, proxy: Proxy(), se:cdp: ws://localhost:54551/devtoo..., se:cdpVersion: 120.0.6099.71, setWindowRect: true, strictFileInteractability: false, timeouts: {implicit: 0, pageLoad: 300000, script: 30000}, unhandledPromptBehavior: accept, webauthn:extension:credBlob: true, webauthn:extension:largeBlob: true, webauthn:extension:minPinLength: true, webauthn:extension:prf: true, webauthn:virtualAuthenticators: true}
Session ID: 863d54fdf87dbfb5fb0e358e7b1feec1
	at e2e.CatalogTest.writingReviewForBook(CatalogTest.java:72)
</failure>
    <system-err><![CDATA[[main] INFO com.codeborne.selenide.impl.WebDriverThreadLocalContainer - No webdriver is bound to current thread: 1 - let's create a new webdriver
[main] INFO com.codeborne.selenide.impl.FileHelper - Creating folder: /Users/anton/Downloads/Bookstore-ui-tests/build/downloads/1702408377939_2341_1
[main] INFO com.codeborne.selenide.webdriver.SelenideNettyClientFactory - Changed readTimeout from PT3M to PT1M30S
[main] INFO com.codeborne.selenide.webdriver.SelenideNettyClientFactory - Changed readTimeout from PT3M to PT1M30S
Dec 12, 2023 8:12:58 PM org.openqa.selenium.devtools.CdpVersionFinder findNearestMatch
WARNING: Unable to find CDP implementation matching 120
Dec 12, 2023 8:12:58 PM org.openqa.selenium.chromium.ChromiumDriver lambda$new$5
WARNING: Unable to find version of CDP to use for 120.0.6099.71. You may need to include a dependency on a specific version of the CDP using something similar to `org.seleniumhq.selenium:selenium-devtools-v86:4.11.0` where the version ("v86") matches the version of the chromium-based browser you're using and the version number of the artifact is the same as Selenium's.
[main] INFO com.codeborne.selenide.webdriver.WebDriverFactory - BrowserName=chrome Version=120.0.6099.71 Platform=mac
[main] INFO com.codeborne.selenide.webdriver.WebDriverFactory - Selenide v. 6.17.0
[main] INFO com.codeborne.selenide.webdriver.WebDriverFactory - Selenium WebDriver v. 4.11.0 build revision: 040bc5406b
[main] INFO com.codeborne.selenide.drivercommands.CreateDriverCommand - Created webdriver in thread 1: ChromeDriver -> ChromeDriver: chrome on mac (863d54fdf87dbfb5fb0e358e7b1feec1)
[main] INFO com.codeborne.selenide.drivercommands.DisposablesRegistry - Register WebDriverInstance[config=StaticConfig,webDriver=ChromeDriver: chrome on mac (863d54fdf87dbfb5fb0e358e7b1feec1),proxy=null,downloadsFolder=/Users/anton/Downloads/Bookstore-ui-tests/build/downloads/1702408377939_2341_1] in 1 [size=1]
[main] INFO com.codeborne.selenide.impl.FileHelper - Deleted empty folder: /Users/anton/Downloads/Bookstore-ui-tests/build/downloads/1702408377939_2341_1
[main] INFO com.codeborne.selenide.drivercommands.CloseDriverCommand - Close webdriver: 1 -> ChromeDriver: chrome on mac (863d54fdf87dbfb5fb0e358e7b1feec1)...
[main] INFO com.codeborne.selenide.drivercommands.CloseDriverCommand - Closed webdriver 1 in 169 ms
[main] INFO com.codeborne.selenide.drivercommands.DisposablesRegistry - Unregister WebDriverInstance[config=StaticConfig,webDriver=ChromeDriver: chrome on mac (null),proxy=null,downloadsFolder=/Users/anton/Downloads/Bookstore-ui-tests/build/downloads/1702408377939_2341_1] in 1 [size=0]
]]></system-err>
  </testcase>
  <testcase name="checkSearchResultsForPartNameOfBook" classname="e2e.CatalogTest" time="11.083"/>
  <testcase name="checkingAvailabilityOfBook" classname="e2e.CatalogTest" time="22.585">
    <failure message="Element not found {By.id: userName}&#10;Expected: visible&#10;Screenshot: file:/Users/anton/Downloads/Bookstore-ui-tests/build/reports/tests/1702408431448.7.png&#10;Page source: file:/Users/anton/Downloads/Bookstore-ui-tests/build/reports/tests/1702408431448.7.html&#10;Timeout: 10 s.&#10;Caused by: NoSuchElementException: no such element: Unable to locate element: {&quot;method&quot;:&quot;css selector&quot;,&quot;selector&quot;:&quot;#userName&quot;}" type="com.codeborne.selenide.ex.ElementNotFound">com.codeborne.selenide.ex.ElementNotFound: 
Element not found {By.id: userName}
Expected: visible
Screenshot: file:/Users/anton/Downloads/Bookstore-ui-tests/build/reports/tests/1702408431448.7.png
Page source: file:/Users/anton/Downloads/Bookstore-ui-tests/build/reports/tests/1702408431448.7.html
Timeout: 10 s.
Caused by: NoSuchElementException: no such element: Unable to locate element: {"method":"css selector","selector":"#userName"}
	at e2e.CatalogTest.checkingAvailabilityOfBook(CatalogTest.java:98)
Caused by: org.openqa.selenium.NoSuchElementException: 
no such element: Unable to locate element: {"method":"css selector","selector":"#userName"}
  (Session info: chrome=120.0.6099.71)
For documentation on this error, please visit: https://www.selenium.dev/documentation/webdriver/troubleshooting/errors#no-such-element-exception
Build info: version: '4.11.0', revision: '040bc5406b'
System info: os.name: 'Mac OS X', os.arch: 'x86_64', os.version: '13.4', java.version: '20.0.1'
Driver info: org.openqa.selenium.chrome.ChromeDriver
Command: [c3cd5d1af39c455ed27e7f2836a47d27, findElement {using=id, value=userName}]
Capabilities {acceptInsecureCerts: true, browserName: chrome, browserVersion: 120.0.6099.71, chrome: {chromedriverVersion: 120.0.6099.71 (9729082fe617..., userDataDir: /var/folders/np/cbsnhzd12hb...}, fedcm:accounts: true, goog:chromeOptions: {debuggerAddress: localhost:54745}, networkConnectionEnabled: false, pageLoadStrategy: normal, platformName: mac, proxy: Proxy(), se:cdp: ws://localhost:54745/devtoo..., se:cdpVersion: 120.0.6099.71, setWindowRect: true, strictFileInteractability: false, timeouts: {implicit: 0, pageLoad: 300000, script: 30000}, unhandledPromptBehavior: accept, webauthn:extension:credBlob: true, webauthn:extension:largeBlob: true, webauthn:extension:minPinLength: true, webauthn:extension:prf: true, webauthn:virtualAuthenticators: true}
Session ID: c3cd5d1af39c455ed27e7f2836a47d27
	at e2e.CatalogTest.checkingAvailabilityOfBook(CatalogTest.java:98)
</failure>
    <system-err><![CDATA[[main] INFO com.codeborne.selenide.impl.WebDriverThreadLocalContainer - No webdriver is bound to current thread: 1 - let's create a new webdriver
[main] INFO com.codeborne.selenide.impl.FileHelper - Creating folder: /Users/anton/Downloads/Bookstore-ui-tests/build/downloads/1702408410111_2341_1
[main] INFO com.codeborne.selenide.webdriver.SelenideNettyClientFactory - Changed readTimeout from PT3M to PT1M30S
[main] INFO com.codeborne.selenide.webdriver.SelenideNettyClientFactory - Changed readTimeout from PT3M to PT1M30S
Dec 12, 2023 8:13:31 PM org.openqa.selenium.devtools.CdpVersionFinder findNearestMatch
WARNING: Unable to find CDP implementation matching 120
Dec 12, 2023 8:13:31 PM org.openqa.selenium.chromium.ChromiumDriver lambda$new$5
WARNING: Unable to find version of CDP to use for 120.0.6099.71. You may need to include a dependency on a specific version of the CDP using something similar to `org.seleniumhq.selenium:selenium-devtools-v86:4.11.0` where the version ("v86") matches the version of the chromium-based browser you're using and the version number of the artifact is the same as Selenium's.
[main] INFO com.codeborne.selenide.webdriver.WebDriverFactory - BrowserName=chrome Version=120.0.6099.71 Platform=mac
[main] INFO com.codeborne.selenide.webdriver.WebDriverFactory - Selenide v. 6.17.0
[main] INFO com.codeborne.selenide.webdriver.WebDriverFactory - Selenium WebDriver v. 4.11.0 build revision: 040bc5406b
[main] INFO com.codeborne.selenide.drivercommands.CreateDriverCommand - Created webdriver in thread 1: ChromeDriver -> ChromeDriver: chrome on mac (c3cd5d1af39c455ed27e7f2836a47d27)
[main] INFO com.codeborne.selenide.drivercommands.DisposablesRegistry - Register WebDriverInstance[config=StaticConfig,webDriver=ChromeDriver: chrome on mac (c3cd5d1af39c455ed27e7f2836a47d27),proxy=null,downloadsFolder=/Users/anton/Downloads/Bookstore-ui-tests/build/downloads/1702408410111_2341_1] in 1 [size=1]
[main] INFO com.codeborne.selenide.impl.FileHelper - Deleted empty folder: /Users/anton/Downloads/Bookstore-ui-tests/build/downloads/1702408410111_2341_1
[main] INFO com.codeborne.selenide.drivercommands.CloseDriverCommand - Close webdriver: 1 -> ChromeDriver: chrome on mac (c3cd5d1af39c455ed27e7f2836a47d27)...
[main] INFO com.codeborne.selenide.drivercommands.CloseDriverCommand - Closed webdriver 1 in 212 ms
[main] INFO com.codeborne.selenide.drivercommands.DisposablesRegistry - Unregister WebDriverInstance[config=StaticConfig,webDriver=ChromeDriver: chrome on mac (null),proxy=null,downloadsFolder=/Users/anton/Downloads/Bookstore-ui-tests/build/downloads/1702408410111_2341_1] in 1 [size=0]
]]></system-err>
  </testcase>
  <testcase name="sortBooksByPublisherAToZ" classname="e2e.CatalogTest" time="9.166"/>
  <testcase name="sortBooksByPublisherZtoA" classname="e2e.CatalogTest" time="9.864"/>
  <testcase name="checkExactSearchResults" classname="e2e.CatalogTest" time="10.79"/>
  <testcase name="rateABook" classname="e2e.CatalogTest" time="20.343">
    <failure message="Element not found {By.id: rateBook}&#10;Expected: visible&#10;Screenshot: file:/Users/anton/Downloads/Bookstore-ui-tests/build/reports/tests/1702408481879.8.png&#10;Page source: file:/Users/anton/Downloads/Bookstore-ui-tests/build/reports/tests/1702408481879.8.html&#10;Timeout: 10 s.&#10;Caused by: NoSuchElementException: no such element: Unable to locate element: {&quot;method&quot;:&quot;css selector&quot;,&quot;selector&quot;:&quot;#rateBook&quot;}" type="com.codeborne.selenide.ex.ElementNotFound">com.codeborne.selenide.ex.ElementNotFound: 
Element not found {By.id: rateBook}
Expected: visible
Screenshot: file:/Users/anton/Downloads/Bookstore-ui-tests/build/reports/tests/1702408481879.8.png
Page source: file:/Users/anton/Downloads/Bookstore-ui-tests/build/reports/tests/1702408481879.8.html
Timeout: 10 s.
Caused by: NoSuchElementException: no such element: Unable to locate element: {"method":"css selector","selector":"#rateBook"}
	at e2e.CatalogTest.rateABook(CatalogTest.java:91)
Caused by: org.openqa.selenium.NoSuchElementException: 
no such element: Unable to locate element: {"method":"css selector","selector":"#rateBook"}
  (Session info: chrome=120.0.6099.71)
For documentation on this error, please visit: https://www.selenium.dev/documentation/webdriver/troubleshooting/errors#no-such-element-exception
Build info: version: '4.11.0', revision: '040bc5406b'
System info: os.name: 'Mac OS X', os.arch: 'x86_64', os.version: '13.4', java.version: '20.0.1'
Driver info: org.openqa.selenium.chrome.ChromeDriver
Command: [15134de8017c8acfec68a37bd2446864, findElement {using=id, value=rateBook}]
Capabilities {acceptInsecureCerts: true, browserName: chrome, browserVersion: 120.0.6099.71, chrome: {chromedriverVersion: 120.0.6099.71 (9729082fe617..., userDataDir: /var/folders/np/cbsnhzd12hb...}, fedcm:accounts: true, goog:chromeOptions: {debuggerAddress: localhost:55154}, networkConnectionEnabled: false, pageLoadStrategy: normal, platformName: mac, proxy: Proxy(), se:cdp: ws://localhost:55154/devtoo..., se:cdpVersion: 120.0.6099.71, setWindowRect: true, strictFileInteractability: false, timeouts: {implicit: 0, pageLoad: 300000, script: 30000}, unhandledPromptBehavior: accept, webauthn:extension:credBlob: true, webauthn:extension:largeBlob: true, webauthn:extension:minPinLength: true, webauthn:extension:prf: true, webauthn:virtualAuthenticators: true}
Session ID: 15134de8017c8acfec68a37bd2446864
	at e2e.CatalogTest.rateABook(CatalogTest.java:91)
</failure>
    <system-err><![CDATA[[main] INFO com.codeborne.selenide.impl.WebDriverThreadLocalContainer - No webdriver is bound to current thread: 1 - let's create a new webdriver
[main] INFO com.codeborne.selenide.impl.FileHelper - Creating folder: /Users/anton/Downloads/Bookstore-ui-tests/build/downloads/1702408462531_2341_1
[main] INFO com.codeborne.selenide.webdriver.SelenideNettyClientFactory - Changed readTimeout from PT3M to PT1M30S
[main] INFO com.codeborne.selenide.webdriver.SelenideNettyClientFactory - Changed readTimeout from PT3M to PT1M30S
Dec 12, 2023 8:14:23 PM org.openqa.selenium.devtools.CdpVersionFinder findNearestMatch
WARNING: Unable to find CDP implementation matching 120
Dec 12, 2023 8:14:23 PM org.openqa.selenium.chromium.ChromiumDriver lambda$new$5
WARNING: Unable to find version of CDP to use for 120.0.6099.71. You may need to include a dependency on a specific version of the CDP using something similar to `org.seleniumhq.selenium:selenium-devtools-v86:4.11.0` where the version ("v86") matches the version of the chromium-based browser you're using and the version number of the artifact is the same as Selenium's.
[main] INFO com.codeborne.selenide.webdriver.WebDriverFactory - BrowserName=chrome Version=120.0.6099.71 Platform=mac
[main] INFO com.codeborne.selenide.webdriver.WebDriverFactory - Selenide v. 6.17.0
[main] INFO com.codeborne.selenide.webdriver.WebDriverFactory - Selenium WebDriver v. 4.11.0 build revision: 040bc5406b
[main] INFO com.codeborne.selenide.drivercommands.CreateDriverCommand - Created webdriver in thread 1: ChromeDriver -> ChromeDriver: chrome on mac (15134de8017c8acfec68a37bd2446864)
[main] INFO com.codeborne.selenide.drivercommands.DisposablesRegistry - Register WebDriverInstance[config=StaticConfig,webDriver=ChromeDriver: chrome on mac (15134de8017c8acfec68a37bd2446864),proxy=null,downloadsFolder=/Users/anton/Downloads/Bookstore-ui-tests/build/downloads/1702408462531_2341_1] in 1 [size=1]
[main] INFO com.codeborne.selenide.impl.FileHelper - Deleted empty folder: /Users/anton/Downloads/Bookstore-ui-tests/build/downloads/1702408462531_2341_1
[main] INFO com.codeborne.selenide.drivercommands.CloseDriverCommand - Close webdriver: 1 -> ChromeDriver: chrome on mac (15134de8017c8acfec68a37bd2446864)...
[main] INFO com.codeborne.selenide.drivercommands.CloseDriverCommand - Closed webdriver 1 in 167 ms
[main] INFO com.codeborne.selenide.drivercommands.DisposablesRegistry - Unregister WebDriverInstance[config=StaticConfig,webDriver=ChromeDriver: chrome on mac (null),proxy=null,downloadsFolder=/Users/anton/Downloads/Bookstore-ui-tests/build/downloads/1702408462531_2341_1] in 1 [size=0]
]]></system-err>
  </testcase>
  <testcase name="navigatingInCatalog" classname="e2e.CatalogTest" time="8.616"/>
  <testcase name="sortBooksByAuthorNameAToZ" classname="e2e.CatalogTest" time="7.04"/>
  <testcase name="sortBooksByAuthorNameZToA" classname="e2e.CatalogTest" time="8.821"/>
  <testcase name="recommendedBooksPage" classname="e2e.CatalogTest" time="21.016">
    <failure message="Element not found {By.xpath: //span[@class=&apos;text&apos;][text()=&apos;Recommended Books&apos;]}&#10;Expected: visible&#10;Screenshot: file:/Users/anton/Downloads/Bookstore-ui-tests/build/reports/tests/1702408527258.9.png&#10;Page source: file:/Users/anton/Downloads/Bookstore-ui-tests/build/reports/tests/1702408527258.9.html&#10;Timeout: 10 s.&#10;Caused by: NoSuchElementException: no such element: Unable to locate element: {&quot;method&quot;:&quot;xpath&quot;,&quot;selector&quot;:&quot;//span[@class=&apos;text&apos;][text()=&apos;Recommended Books&apos;]&quot;}" type="com.codeborne.selenide.ex.ElementNotFound">com.codeborne.selenide.ex.ElementNotFound: 
Element not found {By.xpath: //span[@class='text'][text()='Recommended Books']}
Expected: visible
Screenshot: file:/Users/anton/Downloads/Bookstore-ui-tests/build/reports/tests/1702408527258.9.png
Page source: file:/Users/anton/Downloads/Bookstore-ui-tests/build/reports/tests/1702408527258.9.html
Timeout: 10 s.
Caused by: NoSuchElementException: no such element: Unable to locate element: {"method":"xpath","selector":"//span[@class='text'][text()='Recommended Books']"}
	at e2e.CatalogTest.recommendedBooksPage(CatalogTest.java:65)
Caused by: org.openqa.selenium.NoSuchElementException: 
no such element: Unable to locate element: {"method":"xpath","selector":"//span[@class='text'][text()='Recommended Books']"}
  (Session info: chrome=120.0.6099.71)
For documentation on this error, please visit: https://www.selenium.dev/documentation/webdriver/troubleshooting/errors#no-such-element-exception
Build info: version: '4.11.0', revision: '040bc5406b'
System info: os.name: 'Mac OS X', os.arch: 'x86_64', os.version: '13.4', java.version: '20.0.1'
Driver info: org.openqa.selenium.chrome.ChromeDriver
Command: [56ffa61d636cfe8527e9b5f0571b0dba, findElement {using=xpath, value=//span[@class='text'][text()='Recommended Books']}]
Capabilities {acceptInsecureCerts: true, browserName: chrome, browserVersion: 120.0.6099.71, chrome: {chromedriverVersion: 120.0.6099.71 (9729082fe617..., userDataDir: /var/folders/np/cbsnhzd12hb...}, fedcm:accounts: true, goog:chromeOptions: {debuggerAddress: localhost:55527}, networkConnectionEnabled: false, pageLoadStrategy: normal, platformName: mac, proxy: Proxy(), se:cdp: ws://localhost:55527/devtoo..., se:cdpVersion: 120.0.6099.71, setWindowRect: true, strictFileInteractability: false, timeouts: {implicit: 0, pageLoad: 300000, script: 30000}, unhandledPromptBehavior: accept, webauthn:extension:credBlob: true, webauthn:extension:largeBlob: true, webauthn:extension:minPinLength: true, webauthn:extension:prf: true, webauthn:virtualAuthenticators: true}
Session ID: 56ffa61d636cfe8527e9b5f0571b0dba
	at e2e.CatalogTest.recommendedBooksPage(CatalogTest.java:65)
</failure>
    <system-err><![CDATA[[main] INFO com.codeborne.selenide.impl.WebDriverThreadLocalContainer - No webdriver is bound to current thread: 1 - let's create a new webdriver
[main] INFO com.codeborne.selenide.impl.FileHelper - Creating folder: /Users/anton/Downloads/Bookstore-ui-tests/build/downloads/1702408507356_2341_1
[main] INFO com.codeborne.selenide.webdriver.SelenideNettyClientFactory - Changed readTimeout from PT3M to PT1M30S
[main] INFO com.codeborne.selenide.webdriver.SelenideNettyClientFactory - Changed readTimeout from PT3M to PT1M30S
Dec 12, 2023 8:15:08 PM org.openqa.selenium.devtools.CdpVersionFinder findNearestMatch
WARNING: Unable to find CDP implementation matching 120
Dec 12, 2023 8:15:08 PM org.openqa.selenium.chromium.ChromiumDriver lambda$new$5
WARNING: Unable to find version of CDP to use for 120.0.6099.71. You may need to include a dependency on a specific version of the CDP using something similar to `org.seleniumhq.selenium:selenium-devtools-v86:4.11.0` where the version ("v86") matches the version of the chromium-based browser you're using and the version number of the artifact is the same as Selenium's.
[main] INFO com.codeborne.selenide.webdriver.WebDriverFactory - BrowserName=chrome Version=120.0.6099.71 Platform=mac
[main] INFO com.codeborne.selenide.webdriver.WebDriverFactory - Selenide v. 6.17.0
[main] INFO com.codeborne.selenide.webdriver.WebDriverFactory - Selenium WebDriver v. 4.11.0 build revision: 040bc5406b
[main] INFO com.codeborne.selenide.drivercommands.CreateDriverCommand - Created webdriver in thread 1: ChromeDriver -> ChromeDriver: chrome on mac (56ffa61d636cfe8527e9b5f0571b0dba)
[main] INFO com.codeborne.selenide.drivercommands.DisposablesRegistry - Register WebDriverInstance[config=StaticConfig,webDriver=ChromeDriver: chrome on mac (56ffa61d636cfe8527e9b5f0571b0dba),proxy=null,downloadsFolder=/Users/anton/Downloads/Bookstore-ui-tests/build/downloads/1702408507356_2341_1] in 1 [size=1]
[main] INFO com.codeborne.selenide.impl.FileHelper - Deleted empty folder: /Users/anton/Downloads/Bookstore-ui-tests/build/downloads/1702408507356_2341_1
[main] INFO com.codeborne.selenide.drivercommands.CloseDriverCommand - Close webdriver: 1 -> ChromeDriver: chrome on mac (56ffa61d636cfe8527e9b5f0571b0dba)...
[main] INFO com.codeborne.selenide.drivercommands.CloseDriverCommand - Closed webdriver 1 in 227 ms
[main] INFO com.codeborne.selenide.drivercommands.DisposablesRegistry - Unregister WebDriverInstance[config=StaticConfig,webDriver=ChromeDriver: chrome on mac (null),proxy=null,downloadsFolder=/Users/anton/Downloads/Bookstore-ui-tests/build/downloads/1702408507356_2341_1] in 1 [size=0]
]]></system-err>
  </testcase>
  <testcase name="sortBooksByTitleAToZ" classname="e2e.CatalogTest" time="9.367"/>
  <testcase name="sortBooksByTitleZToA" classname="e2e.CatalogTest" time="8.873"/>
  <testcase name="checkSearchResultsForQueryUsingNonExistingWords" classname="e2e.CatalogTest" time="14.21">
    <failure message="Element should have partial text &quot;tyehfgfh&quot; {By.xpath: //div[@class=&apos;rt-td&apos;][2]}&#10;Element: &apos;&lt;div class=&quot;rt-td&quot; role=&quot;gridcell&quot;&gt; &lt;/div&gt;&apos;&#10;Actual value: text=&quot; &quot;&#10;Screenshot: file:/Users/anton/Downloads/Bookstore-ui-tests/build/reports/tests/1702408559512.10.png&#10;Page source: file:/Users/anton/Downloads/Bookstore-ui-tests/build/reports/tests/1702408559512.10.html&#10;Timeout: 4 s." type="com.codeborne.selenide.ex.ElementShould"><![CDATA[com.codeborne.selenide.ex.ElementShould: 
Element should have partial text "tyehfgfh" {By.xpath: //div[@class='rt-td'][2]}
Element: '<div class="rt-td" role="gridcell"> </div>'
Actual value: text=" "
Screenshot: file:/Users/anton/Downloads/Bookstore-ui-tests/build/reports/tests/1702408559512.10.png
Page source: file:/Users/anton/Downloads/Bookstore-ui-tests/build/reports/tests/1702408559512.10.html
Timeout: 4 s.
	at e2e.CatalogTest.checkSearchResultsForQueryUsingNonExistingWords(CatalogTest.java:40)
]]></failure>
    <system-err><![CDATA[[main] INFO com.codeborne.selenide.impl.WebDriverThreadLocalContainer - No webdriver is bound to current thread: 1 - let's create a new webdriver
[main] INFO com.codeborne.selenide.impl.FileHelper - Creating folder: /Users/anton/Downloads/Bookstore-ui-tests/build/downloads/1702408546631_2341_1
[main] INFO com.codeborne.selenide.webdriver.SelenideNettyClientFactory - Changed readTimeout from PT3M to PT1M30S
[main] INFO com.codeborne.selenide.webdriver.SelenideNettyClientFactory - Changed readTimeout from PT3M to PT1M30S
Dec 12, 2023 8:15:47 PM org.openqa.selenium.devtools.CdpVersionFinder findNearestMatch
WARNING: Unable to find CDP implementation matching 120
Dec 12, 2023 8:15:47 PM org.openqa.selenium.chromium.ChromiumDriver lambda$new$5
WARNING: Unable to find version of CDP to use for 120.0.6099.71. You may need to include a dependency on a specific version of the CDP using something similar to `org.seleniumhq.selenium:selenium-devtools-v86:4.11.0` where the version ("v86") matches the version of the chromium-based browser you're using and the version number of the artifact is the same as Selenium's.
[main] INFO com.codeborne.selenide.webdriver.WebDriverFactory - BrowserName=chrome Version=120.0.6099.71 Platform=mac
[main] INFO com.codeborne.selenide.webdriver.WebDriverFactory - Selenide v. 6.17.0
[main] INFO com.codeborne.selenide.webdriver.WebDriverFactory - Selenium WebDriver v. 4.11.0 build revision: 040bc5406b
[main] INFO com.codeborne.selenide.drivercommands.CreateDriverCommand - Created webdriver in thread 1: ChromeDriver -> ChromeDriver: chrome on mac (9489b9dd480b2ab29e4e1fa0963d896c)
[main] INFO com.codeborne.selenide.drivercommands.DisposablesRegistry - Register WebDriverInstance[config=StaticConfig,webDriver=ChromeDriver: chrome on mac (9489b9dd480b2ab29e4e1fa0963d896c),proxy=null,downloadsFolder=/Users/anton/Downloads/Bookstore-ui-tests/build/downloads/1702408546631_2341_1] in 1 [size=1]
[main] INFO com.codeborne.selenide.impl.FileHelper - Deleted empty folder: /Users/anton/Downloads/Bookstore-ui-tests/build/downloads/1702408546631_2341_1
[main] INFO com.codeborne.selenide.drivercommands.CloseDriverCommand - Close webdriver: 1 -> ChromeDriver: chrome on mac (9489b9dd480b2ab29e4e1fa0963d896c)...
[main] INFO com.codeborne.selenide.drivercommands.CloseDriverCommand - Closed webdriver 1 in 208 ms
[main] INFO com.codeborne.selenide.drivercommands.DisposablesRegistry - Unregister WebDriverInstance[config=StaticConfig,webDriver=ChromeDriver: chrome on mac (null),proxy=null,downloadsFolder=/Users/anton/Downloads/Bookstore-ui-tests/build/downloads/1702408546631_2341_1] in 1 [size=0]
]]></system-err>
  </testcase>
</testsuite>