<?xml version="1.0" encoding="UTF-8"?>
<testsuite xmlns:xsi="http://www.w3.org/2001/XMLSchema-instance" xsi:noNamespaceSchemaLocation="https://maven.apache.org/surefire/maven-surefire-plugin/xsd/surefire-test-report.xsd" name="e2e.ProfileTest" time="220.683" tests="13" errors="0" skipped="0" failures="3">
  <properties>
[...]
</properties>
  <testcase name="successLogoutFromUserProfile" classname="e2e.ProfileTest" time="27.449"/>
  <testcase name="checkSearchResultsForPartNameOfBook" classname="e2e.ProfileTest" time="17.963"/>
  <testcase name="deletingBookFromUserCollection" classname="e2e.ProfileTest" time="12.821"/>
  <testcase name="sortBooksByPublisherAToZ" classname="e2e.ProfileTest" time="12.702"/>
  <testcase name="sortBooksByPublisherZtoA" classname="e2e.ProfileTest" time="18.428"/>
  <testcase name="deletingAllBooksFromUserCollection" classname="e2e.ProfileTest" time="18.778">
    <failure message="Element not found {By.xpath: //div[@class=&apos;text-right button di&apos;]}&#10;Expected: clickable: interactable and enabled&#10;Screenshot: file:/Users/anton/Downloads/Bookstore-ui-tests/build/reports/tests/1702408129277.0.png&#10;Page source: file:/Users/anton/Downloads/Bookstore-ui-tests/build/reports/tests/1702408129277.0.html&#10;Timeout: 4 s.&#10;Caused by: NoSuchElementException: no such element: Unable to locate element: {&quot;method&quot;:&quot;xpath&quot;,&quot;selector&quot;:&quot;//div[@class=&apos;text-right button di&apos;]&quot;}" type="com.codeborne.selenide.ex.ElementNotFound">com.codeborne.selenide.ex.ElementNotFound: 
Element not found {By.xpath: //div[@class='text-right button di']}
Expected: clickable: interactable and enabled
Screenshot: file:/Users/anton/Downloads/Bookstore-ui-tests/build/reports/tests/1702408129277.0.png
Page source: file:/Users/anton/Downloads/Bookstore-ui-tests/build/reports/tests/1702408129277.0.html
Timeout: 4 s.
Caused by: NoSuchElementException: no such element: Unable to locate element: {"method":"xpath","selector":"//div[@class='text-right button di']"}
	at e2e.ProfileTest.deletingAllBooksFromUserCollection(ProfileTest.java:59)
Caused by: org.openqa.selenium.NoSuchElementException: 
no such element: Unable to locate element: {"method":"xpath","selector":"//div[@class='text-right button di']"}
  (Session info: chrome=120.0.6099.71)
For documentation on this error, please visit: https://www.selenium.dev/documentation/webdriver/troubleshooting/errors#no-such-element-exception
Build info: version: '4.11.0', revision: '040bc5406b'
System info: os.name: 'Mac OS X', os.arch: 'x86_64', os.version: '13.4', java.version: '20.0.1'
Driver info: org.openqa.selenium.chrome.ChromeDriver
Command: [efbf1d1bb1d6e1e547a412cffd0829d1, findElement {using=xpath, value=//div[@class='text-right button di']}]
Capabilities {acceptInsecureCerts: true, browserName: chrome, browserVersion: 120.0.6099.71, chrome: {chromedriverVersion: 120.0.6099.71 (9729082fe617..., userDataDir: /var/folders/np/cbsnhzd12hb...}, fedcm:accounts: true, goog:chromeOptions: {debuggerAddress: localhost:52762}, networkConnectionEnabled: false, pageLoadStrategy: normal, platformName: mac, proxy: Proxy(), se:cdp: ws://localhost:52762/devtoo..., se:cdpVersion: 120.0.6099.71, setWindowRect: true, strictFileInteractability: false, timeouts: {implicit: 0, pageLoad: 300000, script: 30000}, unhandledPromptBehavior: accept, webauthn:extension:credBlob: true, webauthn:extension:largeBlob: true, webauthn:extension:minPinLength: true, webauthn:extension:prf: true, webauthn:virtualAuthenticators: true}
Session ID: efbf1d1bb1d6e1e547a412cffd0829d1
	at e2e.ProfileTest.deletingAllBooksFromUserCollection(ProfileTest.java:59)
</failure>
    <system-err><![CDATA[[main] INFO com.codeborne.selenide.impl.WebDriverThreadLocalContainer - No webdriver is bound to current thread: 1 - let's create a new webdriver
[main] INFO com.codeborne.selenide.impl.FileHelper - Creating folder: /Users/anton/Downloads/Bookstore-ui-tests/build/downloads/1702408111672_2341_1
[main] INFO com.codeborne.selenide.webdriver.SelenideNettyClientFactory - Changed readTimeout from PT3M to PT1M30S
[main] INFO com.codeborne.selenide.webdriver.SelenideNettyClientFactory - Changed readTimeout from PT3M to PT1M30S
Dec 12, 2023 8:08:32 PM org.openqa.selenium.devtools.CdpVersionFinder findNearestMatch
WARNING: Unable to find CDP implementation matching 120
Dec 12, 2023 8:08:32 PM org.openqa.selenium.chromium.ChromiumDriver lambda$new$5
WARNING: Unable to find version of CDP to use for 120.0.6099.71. You may need to include a dependency on a specific version of the CDP using something similar to `org.seleniumhq.selenium:selenium-devtools-v86:4.11.0` where the version ("v86") matches the version of the chromium-based browser you're using and the version number of the artifact is the same as Selenium's.
[main] INFO com.codeborne.selenide.webdriver.WebDriverFactory - BrowserName=chrome Version=120.0.6099.71 Platform=mac
[main] INFO com.codeborne.selenide.webdriver.WebDriverFactory - Selenide v. 6.17.0
[main] INFO com.codeborne.selenide.webdriver.WebDriverFactory - Selenium WebDriver v. 4.11.0 build revision: 040bc5406b
[main] INFO com.codeborne.selenide.drivercommands.CreateDriverCommand - Created webdriver in thread 1: ChromeDriver -> ChromeDriver: chrome on mac (efbf1d1bb1d6e1e547a412cffd0829d1)
[main] INFO com.codeborne.selenide.drivercommands.DisposablesRegistry - Register WebDriverInstance[config=StaticConfig,webDriver=ChromeDriver: chrome on mac (efbf1d1bb1d6e1e547a412cffd0829d1),proxy=null,downloadsFolder=/Users/anton/Downloads/Bookstore-ui-tests/build/downloads/1702408111672_2341_1] in 1 [size=1]
[main] INFO com.codeborne.selenide.impl.FileHelper - Deleted empty folder: /Users/anton/Downloads/Bookstore-ui-tests/build/downloads/1702408111672_2341_1
[main] INFO com.codeborne.selenide.drivercommands.CloseDriverCommand - Close webdriver: 1 -> ChromeDriver: chrome on mac (efbf1d1bb1d6e1e547a412cffd0829d1)...
[main] INFO com.codeborne.selenide.drivercommands.CloseDriverCommand - Closed webdriver 1 in 204 ms
[main] INFO com.codeborne.selenide.drivercommands.DisposablesRegistry - Unregister WebDriverInstance[config=StaticConfig,webDriver=ChromeDriver: chrome on mac (null),proxy=null,downloadsFolder=/Users/anton/Downloads/Bookstore-ui-tests/build/downloads/1702408111672_2341_1] in 1 [size=0]
]]></system-err>
  </testcase>
  <testcase name="sortBooksByAuthorNameAToZ" classname="e2e.ProfileTest" time="13.316"/>
  <testcase name="sortBooksByAuthorNameZToA" classname="e2e.ProfileTest" time="13.018"/>
  <testcase name="checkSearchResultsForExactBook" classname="e2e.ProfileTest" time="11.44"/>
  <testcase name="sortBooksByTitleAToZ" classname="e2e.ProfileTest" time="13.328"/>
  <testcase name="sortBooksByTitleZToA" classname="e2e.ProfileTest" time="13.389"/>
  <testcase name="addingBookToUserCollection" classname="e2e.ProfileTest" time="24.761">
    <failure message="Element not found {By.id: userName}&#10;Expected: visible&#10;Screenshot: file:/Users/anton/Downloads/Bookstore-ui-tests/build/reports/tests/1702408218393.1.png&#10;Page source: file:/Users/anton/Downloads/Bookstore-ui-tests/build/reports/tests/1702408218393.1.html&#10;Timeout: 10 s.&#10;Caused by: NoSuchElementException: no such element: Unable to locate element: {&quot;method&quot;:&quot;css selector&quot;,&quot;selector&quot;:&quot;#userName&quot;}" type="com.codeborne.selenide.ex.ElementNotFound">com.codeborne.selenide.ex.ElementNotFound: 
Element not found {By.id: userName}
Expected: visible
Screenshot: file:/Users/anton/Downloads/Bookstore-ui-tests/build/reports/tests/1702408218393.1.png
Page source: file:/Users/anton/Downloads/Bookstore-ui-tests/build/reports/tests/1702408218393.1.html
Timeout: 10 s.
Caused by: NoSuchElementException: no such element: Unable to locate element: {"method":"css selector","selector":"#userName"}
	at e2e.ProfileTest.addingBookToUserCollection(ProfileTest.java:26)
Caused by: org.openqa.selenium.NoSuchElementException: 
no such element: Unable to locate element: {"method":"css selector","selector":"#userName"}
  (Session info: chrome=120.0.6099.71)
For documentation on this error, please visit: https://www.selenium.dev/documentation/webdriver/troubleshooting/errors#no-such-element-exception
Build info: version: '4.11.0', revision: '040bc5406b'
System info: os.name: 'Mac OS X', os.arch: 'x86_64', os.version: '13.4', java.version: '20.0.1'
Driver info: org.openqa.selenium.chrome.ChromeDriver
Command: [11c17e064e4fcfb0777bd29fca0cc934, findElement {using=id, value=userName}]
Capabilities {acceptInsecureCerts: true, browserName: chrome, browserVersion: 120.0.6099.71, chrome: {chromedriverVersion: 120.0.6099.71 (9729082fe617..., userDataDir: /var/folders/np/cbsnhzd12hb...}, fedcm:accounts: true, goog:chromeOptions: {debuggerAddress: localhost:53351}, networkConnectionEnabled: false, pageLoadStrategy: normal, platformName: mac, proxy: Proxy(), se:cdp: ws://localhost:53351/devtoo..., se:cdpVersion: 120.0.6099.71, setWindowRect: true, strictFileInteractability: false, timeouts: {implicit: 0, pageLoad: 300000, script: 30000}, unhandledPromptBehavior: accept, webauthn:extension:credBlob: true, webauthn:extension:largeBlob: true, webauthn:extension:minPinLength: true, webauthn:extension:prf: true, webauthn:virtualAuthenticators: true}
Session ID: 11c17e064e4fcfb0777bd29fca0cc934
	at e2e.ProfileTest.addingBookToUserCollection(ProfileTest.java:26)
</failure>
    <system-err><![CDATA[[main] INFO com.codeborne.selenide.impl.WebDriverThreadLocalContainer - No webdriver is bound to current thread: 1 - let's create a new webdriver
[main] INFO com.codeborne.selenide.impl.FileHelper - Creating folder: /Users/anton/Downloads/Bookstore-ui-tests/build/downloads/1702408194954_2341_1
[main] INFO com.codeborne.selenide.webdriver.SelenideNettyClientFactory - Changed readTimeout from PT3M to PT1M30S
[main] INFO com.codeborne.selenide.webdriver.SelenideNettyClientFactory - Changed readTimeout from PT3M to PT1M30S
Dec 12, 2023 8:09:56 PM org.openqa.selenium.devtools.CdpVersionFinder findNearestMatch
WARNING: Unable to find CDP implementation matching 120
Dec 12, 2023 8:09:56 PM org.openqa.selenium.chromium.ChromiumDriver lambda$new$5
WARNING: Unable to find version of CDP to use for 120.0.6099.71. You may need to include a dependency on a specific version of the CDP using something similar to `org.seleniumhq.selenium:selenium-devtools-v86:4.11.0` where the version ("v86") matches the version of the chromium-based browser you're using and the version number of the artifact is the same as Selenium's.
[main] INFO com.codeborne.selenide.webdriver.WebDriverFactory - BrowserName=chrome Version=120.0.6099.71 Platform=mac
[main] INFO com.codeborne.selenide.webdriver.WebDriverFactory - Selenide v. 6.17.0
[main] INFO com.codeborne.selenide.webdriver.WebDriverFactory - Selenium WebDriver v. 4.11.0 build revision: 040bc5406b
[main] INFO com.codeborne.selenide.drivercommands.CreateDriverCommand - Created webdriver in thread 1: ChromeDriver -> ChromeDriver: chrome on mac (11c17e064e4fcfb0777bd29fca0cc934)
[main] INFO com.codeborne.selenide.drivercommands.DisposablesRegistry - Register WebDriverInstance[config=StaticConfig,webDriver=ChromeDriver: chrome on mac (11c17e064e4fcfb0777bd29fca0cc934),proxy=null,downloadsFolder=/Users/anton/Downloads/Bookstore-ui-tests/build/downloads/1702408194954_2341_1] in 1 [size=1]
[main] INFO com.codeborne.selenide.impl.FileHelper - Deleted empty folder: /Users/anton/Downloads/Bookstore-ui-tests/build/downloads/1702408194954_2341_1
[main] INFO com.codeborne.selenide.drivercommands.CloseDriverCommand - Close webdriver: 1 -> ChromeDriver: chrome on mac (11c17e064e4fcfb0777bd29fca0cc934)...
[main] INFO com.codeborne.selenide.drivercommands.CloseDriverCommand - Closed webdriver 1 in 208 ms
[main] INFO com.codeborne.selenide.drivercommands.DisposablesRegistry - Unregister WebDriverInstance[config=StaticConfig,webDriver=ChromeDriver: chrome on mac (null),proxy=null,downloadsFolder=/Users/anton/Downloads/Bookstore-ui-tests/build/downloads/1702408194954_2341_1] in 1 [size=0]
]]></system-err>
  </testcase>
  <testcase name="checkSearchResultsForQueryUsingNonExistingWords" classname="e2e.ProfileTest" time="23.112">
    <failure message="Element not found {By.id: userName}&#10;Expected: visible&#10;Screenshot: file:/Users/anton/Downloads/Bookstore-ui-tests/build/reports/tests/1702408241689.2.png&#10;Page source: file:/Users/anton/Downloads/Bookstore-ui-tests/build/reports/tests/1702408241689.2.html&#10;Timeout: 10 s.&#10;Caused by: NoSuchElementException: no such element: Unable to locate element: {&quot;method&quot;:&quot;css selector&quot;,&quot;selector&quot;:&quot;#userName&quot;}" type="com.codeborne.selenide.ex.ElementNotFound">com.codeborne.selenide.ex.ElementNotFound: 
Element not found {By.id: userName}
Expected: visible
Screenshot: file:/Users/anton/Downloads/Bookstore-ui-tests/build/reports/tests/1702408241689.2.png
Page source: file:/Users/anton/Downloads/Bookstore-ui-tests/build/reports/tests/1702408241689.2.html
Timeout: 10 s.
Caused by: NoSuchElementException: no such element: Unable to locate element: {"method":"css selector","selector":"#userName"}
	at e2e.ProfileTest.checkSearchResultsForQueryUsingNonExistingWords(ProfileTest.java:184)
Caused by: org.openqa.selenium.NoSuchElementException: 
no such element: Unable to locate element: {"method":"css selector","selector":"#userName"}
  (Session info: chrome=120.0.6099.71)
For documentation on this error, please visit: https://www.selenium.dev/documentation/webdriver/troubleshooting/errors#no-such-element-exception
Build info: version: '4.11.0', revision: '040bc5406b'
System info: os.name: 'Mac OS X', os.arch: 'x86_64', os.version: '13.4', java.version: '20.0.1'
Driver info: org.openqa.selenium.chrome.ChromeDriver
Command: [5ad14a2fb59c3215184a74e141e82e73, findElement {using=id, value=userName}]
Capabilities {acceptInsecureCerts: true, browserName: chrome, browserVersion: 120.0.6099.71, chrome: {chromedriverVersion: 120.0.6099.71 (9729082fe617..., userDataDir: /var/folders/np/cbsnhzd12hb...}, fedcm:accounts: true, goog:chromeOptions: {debuggerAddress: localhost:53486}, networkConnectionEnabled: false, pageLoadStrategy: normal, platformName: mac, proxy: Proxy(), se:cdp: ws://localhost:53486/devtoo..., se:cdpVersion: 120.0.6099.71, setWindowRect: true, strictFileInteractability: false, timeouts: {implicit: 0, pageLoad: 300000, script: 30000}, unhandledPromptBehavior: accept, webauthn:extension:credBlob: true, webauthn:extension:largeBlob: true, webauthn:extension:minPinLength: true, webauthn:extension:prf: true, webauthn:virtualAuthenticators: true}
Session ID: 5ad14a2fb59c3215184a74e141e82e73
	at e2e.ProfileTest.checkSearchResultsForQueryUsingNonExistingWords(ProfileTest.java:184)
</failure>
    <system-err><![CDATA[[main] INFO com.codeborne.selenide.impl.WebDriverThreadLocalContainer - No webdriver is bound to current thread: 1 - let's create a new webdriver
[main] INFO com.codeborne.selenide.impl.FileHelper - Creating folder: /Users/anton/Downloads/Bookstore-ui-tests/build/downloads/1702408219718_2341_1
[main] INFO com.codeborne.selenide.webdriver.SelenideNettyClientFactory - Changed readTimeout from PT3M to PT1M30S
[main] INFO com.codeborne.selenide.webdriver.SelenideNettyClientFactory - Changed readTimeout from PT3M to PT1M30S
Dec 12, 2023 8:10:20 PM org.openqa.selenium.devtools.CdpVersionFinder findNearestMatch
WARNING: Unable to find CDP implementation matching 120
Dec 12, 2023 8:10:20 PM org.openqa.selenium.chromium.ChromiumDriver lambda$new$5
WARNING: Unable to find version of CDP to use for 120.0.6099.71. You may need to include a dependency on a specific version of the CDP using something similar to `org.seleniumhq.selenium:selenium-devtools-v86:4.11.0` where the version ("v86") matches the version of the chromium-based browser you're using and the version number of the artifact is the same as Selenium's.
[main] INFO com.codeborne.selenide.webdriver.WebDriverFactory - BrowserName=chrome Version=120.0.6099.71 Platform=mac
[main] INFO com.codeborne.selenide.webdriver.WebDriverFactory - Selenide v. 6.17.0
[main] INFO com.codeborne.selenide.webdriver.WebDriverFactory - Selenium WebDriver v. 4.11.0 build revision: 040bc5406b
[main] INFO com.codeborne.selenide.drivercommands.CreateDriverCommand - Created webdriver in thread 1: ChromeDriver -> ChromeDriver: chrome on mac (5ad14a2fb59c3215184a74e141e82e73)
[main] INFO com.codeborne.selenide.drivercommands.DisposablesRegistry - Register WebDriverInstance[config=StaticConfig,webDriver=ChromeDriver: chrome on mac (5ad14a2fb59c3215184a74e141e82e73),proxy=null,downloadsFolder=/Users/anton/Downloads/Bookstore-ui-tests/build/downloads/1702408219718_2341_1] in 1 [size=1]
[main] INFO com.codeborne.selenide.impl.FileHelper - Deleted empty folder: /Users/anton/Downloads/Bookstore-ui-tests/build/downloads/1702408219718_2341_1
[main] INFO com.codeborne.selenide.drivercommands.CloseDriverCommand - Close webdriver: 1 -> ChromeDriver: chrome on mac (5ad14a2fb59c3215184a74e141e82e73)...
[main] INFO com.codeborne.selenide.drivercommands.CloseDriverCommand - Closed webdriver 1 in 204 ms
[main] INFO com.codeborne.selenide.drivercommands.DisposablesRegistry - Unregister WebDriverInstance[config=StaticConfig,webDriver=ChromeDriver: chrome on mac (null),proxy=null,downloadsFolder=/Users/anton/Downloads/Bookstore-ui-tests/build/downloads/1702408219718_2341_1] in 1 [size=0]
]]></system-err>
  </testcase>
</testsuite>